#
# There is insufficient memory for the Java Runtime Environment to continue.
# Native memory allocation (malloc) failed to allocate 766576 bytes for Chunk::new
# Possible reasons:
#   The system is out of physical RAM or swap space
#   The process is running with CompressedOops enabled, and the Java Heap may be blocking the growth of the native heap
# Possible solutions:
#   Reduce memory load on the system
#   Increase physical memory or swap space
#   Check if swap backing store is full
#   Decrease Java heap size (-Xmx/-Xms)
#   Decrease number of Java threads
#   Decrease Java thread stack sizes (-Xss)
#   Set larger code cache with -XX:ReservedCodeCacheSize=
#   JVM is running with Unscaled Compressed Oops mode in which the Java heap is
#     placed in the first 4GB address space. The Java Heap base address is the
#     maximum limit for the native heap growth. Please use -XX:HeapBaseMinAddress
#     to set the Java Heap base and to place the Java Heap above 4GB virtual address.
# This output file may be truncated or incomplete.
#
#  Out of Memory Error (allocation.cpp:389), pid=8068, tid=0x0000000000002280
#
# JRE version: Java(TM) SE Runtime Environment (8.0_221-b11) (build 1.8.0_221-b11)
# Java VM: Java HotSpot(TM) 64-Bit Server VM (25.221-b11 mixed mode windows-amd64 compressed oops)
# Failed to write core dump. Minidumps are not enabled by default on client versions of Windows
#

---------------  T H R E A D  ---------------

Current thread (0x0000000013a7a000):  JavaThread "C2 CompilerThread1" daemon [_thread_in_native, id=8832, stack(0x00000000156e0000,0x00000000157e0000)]

Stack: [0x00000000156e0000,0x00000000157e0000]
[error occurred during error reporting (printing stack bounds), id 0xc0000005]

Native frames: (J=compiled Java code, j=interpreted, Vv=VM code, C=native code)


Current CompileTask:
C2:  13060 2774       4       java.lang.invoke.MethodType::makeImpl (66 bytes)


---------------  P R O C E S S  ---------------

Java Threads: ( => current thread )
  0x00000000161bd800 JavaThread "/127.0.0.1:49820 to /127.0.0.1:49819 workers Thread 3" [_thread_in_native, id=12528, stack(0x00000000178f0000,0x00000000179f0000)]
  0x0000000016496000 JavaThread "/127.0.0.1:49820 to /127.0.0.1:49819 workers Thread 2" [_thread_blocked, id=15076, stack(0x00000000177f0000,0x00000000178f0000)]
  0x0000000016497800 JavaThread "/127.0.0.1:49820 to /127.0.0.1:49819 workers" [_thread_blocked, id=5568, stack(0x00000000173b0000,0x00000000174b0000)]
  0x0000000013a9e800 JavaThread "Service Thread" daemon [_thread_blocked, id=12304, stack(0x00000000158e0000,0x00000000159e0000)]
  0x0000000013a7f800 JavaThread "C1 CompilerThread2" daemon [_thread_blocked, id=9376, stack(0x00000000157e0000,0x00000000158e0000)]
=>0x0000000013a7a000 JavaThread "C2 CompilerThread1" daemon [_thread_in_native, id=8832, stack(0x00000000156e0000,0x00000000157e0000)]
  0x0000000013a75000 JavaThread "C2 CompilerThread0" daemon [_thread_blocked, id=8420, stack(0x00000000155e0000,0x00000000156e0000)]
  0x0000000013a72800 JavaThread "Attach Listener" daemon [_thread_blocked, id=256, stack(0x00000000154e0000,0x00000000155e0000)]
  0x0000000013a71800 JavaThread "Signal Dispatcher" daemon [_thread_blocked, id=15464, stack(0x00000000153e0000,0x00000000154e0000)]
  0x000000000261c800 JavaThread "Finalizer" daemon [_thread_blocked, id=15336, stack(0x0000000014ca0000,0x0000000014da0000)]
  0x0000000002613800 JavaThread "Reference Handler" daemon [_thread_blocked, id=15744, stack(0x0000000014ba0000,0x0000000014ca0000)]
  0x0000000000c3e000 JavaThread "Test worker" [_thread_in_vm, id=8468, stack(0x00000000023f0000,0x00000000024f0000)]

Other Threads:
  0x0000000013a07800 VMThread [stack: 0x0000000014aa0000,0x0000000014ba0000] [id=6100]
  0x0000000014f5b800 WatcherThread [stack: 0x00000000159e0000,0x0000000015ae0000] [id=8896]

VM state:not at safepoint (normal execution)

VM Mutex/Monitor currently owned by a thread: None

heap address: 0x00000000e0000000, size: 512 MB, Compressed Oops mode: 32-bit
Narrow klass base: 0x0000000000000000, Narrow klass shift: 3
Compressed class space size: 1073741824 Address: 0x0000000100000000

Heap:
 PSYoungGen      total 71680K, used 55974K [0x00000000f5580000, 0x00000000fa580000, 0x0000000100000000)
  eden space 64512K, 77% used [0x00000000f5580000,0x00000000f8659970,0x00000000f9480000)
  from space 7168K, 83% used [0x00000000f9e80000,0x00000000fa44ff90,0x00000000fa580000)
  to   space 8704K, 0% used [0x00000000f9480000,0x00000000f9480000,0x00000000f9d00000)
 ParOldGen       total 44032K, used 5495K [0x00000000e0000000, 0x00000000e2b00000, 0x00000000f5580000)
  object space 44032K, 12% used [0x00000000e0000000,0x00000000e055dcf8,0x00000000e2b00000)
 Metaspace       used 30284K, capacity 32204K, committed 32512K, reserved 1077248K
  class space    used 4129K, capacity 4533K, committed 4608K, reserved 1048576K

Card table byte_map: [0x00000000119e0000,0x0000000011af0000] byte_map_base: 0x00000000112e0000

Marking Bits: (ParMarkBitMap*) 0x000000005e155ce0
 Begin Bits: [0x0000000011fa0000, 0x00000000127a0000)
 End Bits:   [0x00000000127a0000, 0x0000000012fa0000)

Polling page: 0x0000000000ba0000

CodeCache: size=245760Kb used=8646Kb max_used=8646Kb free=237113Kb
 bounds [0x0000000002620000, 0x0000000002ea0000, 0x0000000011620000]
 total_blobs=2974 nmethods=2575 adapters=310
 compilation: enabled

Compilation events (10 events):
Event: 12.982 Thread 0x0000000013a7f800 2783       3       org.springframework.beans.factory.support.DefaultListableBeanFactory::requiresEagerInitForType (26 bytes)
Event: 12.982 Thread 0x0000000013a7f800 nmethod 2783 0x0000000002e969d0 code [0x0000000002e96b60, 0x0000000002e96ff8]
Event: 12.982 Thread 0x0000000013a7f800 2784       3       org.springframework.beans.factory.support.RootBeanDefinition::getTargetType (30 bytes)
Event: 12.983 Thread 0x0000000013a7f800 nmethod 2784 0x0000000002e97110 code [0x0000000002e97280, 0x0000000002e97510]
Event: 12.985 Thread 0x0000000013a7f800 2785       3       org.springframework.boot.autoconfigure.condition.FilteringSpringBootCondition::<init> (5 bytes)
Event: 12.985 Thread 0x0000000013a7f800 nmethod 2785 0x0000000002e975d0 code [0x0000000002e97780, 0x0000000002e97cb8]
Event: 13.003 Thread 0x0000000013a7f800 2786       3       org.springframework.beans.factory.support.AbstractAutowireCapableBeanFactory::determineTargetType (60 bytes)
Event: 13.005 Thread 0x0000000013a7f800 nmethod 2786 0x0000000002e97f10 code [0x0000000002e980c0, 0x0000000002e98938]
Event: 13.011 Thread 0x0000000013a7f800 2787       1       org.springframework.beans.factory.support.AbstractBeanDefinition::getFactoryMethodName (5 bytes)
Event: 13.011 Thread 0x0000000013a7f800 nmethod 2787 0x0000000002e98b50 code [0x0000000002e98ca0, 0x0000000002e98db0]

GC Heap History (10 events):
Event: 6.581 GC heap before
{Heap before GC invocations=5 (full 0):
 PSYoungGen      total 38400K, used 6304K [0x00000000f5580000, 0x00000000f8000000, 0x0000000100000000)
  eden space 33280K, 3% used [0x00000000f5580000,0x00000000f56a88d8,0x00000000f7600000)
  from space 5120K, 99% used [0x00000000f7b00000,0x00000000f7fff9c8,0x00000000f8000000)
  to   space 5120K, 0% used [0x00000000f7600000,0x00000000f7600000,0x00000000f7b00000)
 ParOldGen       total 87552K, used 4514K [0x00000000e0000000, 0x00000000e5580000, 0x00000000f5580000)
  object space 87552K, 5% used [0x00000000e0000000,0x00000000e0468a68,0x00000000e5580000)
 Metaspace       used 19647K, capacity 21172K, committed 21248K, reserved 1067008K
  class space    used 2661K, capacity 3006K, committed 3072K, reserved 1048576K
Event: 6.604 GC heap after
Heap after GC invocations=5 (full 0):
 PSYoungGen      total 38400K, used 5119K [0x00000000f5580000, 0x00000000fa680000, 0x0000000100000000)
  eden space 33280K, 0% used [0x00000000f5580000,0x00000000f5580000,0x00000000f7600000)
  from space 5120K, 99% used [0x00000000f7600000,0x00000000f7affde8,0x00000000f7b00000)
  to   space 8192K, 0% used [0x00000000f9e80000,0x00000000f9e80000,0x00000000fa680000)
 ParOldGen       total 87552K, used 4625K [0x00000000e0000000, 0x00000000e5580000, 0x00000000f5580000)
  object space 87552K, 5% used [0x00000000e0000000,0x00000000e0484470,0x00000000e5580000)
 Metaspace       used 19647K, capacity 21172K, committed 21248K, reserved 1067008K
  class space    used 2661K, capacity 3006K, committed 3072K, reserved 1048576K
}
Event: 6.604 GC heap before
{Heap before GC invocations=6 (full 1):
 PSYoungGen      total 38400K, used 5119K [0x00000000f5580000, 0x00000000fa680000, 0x0000000100000000)
  eden space 33280K, 0% used [0x00000000f5580000,0x00000000f5580000,0x00000000f7600000)
  from space 5120K, 99% used [0x00000000f7600000,0x00000000f7affde8,0x00000000f7b00000)
  to   space 8192K, 0% used [0x00000000f9e80000,0x00000000f9e80000,0x00000000fa680000)
 ParOldGen       total 87552K, used 4625K [0x00000000e0000000, 0x00000000e5580000, 0x00000000f5580000)
  object space 87552K, 5% used [0x00000000e0000000,0x00000000e0484470,0x00000000e5580000)
 Metaspace       used 19647K, capacity 21172K, committed 21248K, reserved 1067008K
  class space    used 2661K, capacity 3006K, committed 3072K, reserved 1048576K
Event: 6.667 GC heap after
Heap after GC invocations=6 (full 1):
 PSYoungGen      total 38400K, used 0K [0x00000000f5580000, 0x00000000fa680000, 0x0000000100000000)
  eden space 33280K, 0% used [0x00000000f5580000,0x00000000f5580000,0x00000000f7600000)
  from space 5120K, 0% used [0x00000000f7600000,0x00000000f7600000,0x00000000f7b00000)
  to   space 8192K, 0% used [0x00000000f9e80000,0x00000000f9e80000,0x00000000fa680000)
 ParOldGen       total 44032K, used 5487K [0x00000000e0000000, 0x00000000e2b00000, 0x00000000f5580000)
  object space 44032K, 12% used [0x00000000e0000000,0x00000000e055bcf8,0x00000000e2b00000)
 Metaspace       used 19647K, capacity 21172K, committed 21248K, reserved 1067008K
  class space    used 2661K, capacity 3006K, committed 3072K, reserved 1048576K
}
Event: 7.223 GC heap before
{Heap before GC invocations=7 (full 1):
 PSYoungGen      total 38400K, used 33280K [0x00000000f5580000, 0x00000000fa680000, 0x0000000100000000)
  eden space 33280K, 100% used [0x00000000f5580000,0x00000000f7600000,0x00000000f7600000)
  from space 5120K, 0% used [0x00000000f7600000,0x00000000f7600000,0x00000000f7b00000)
  to   space 8192K, 0% used [0x00000000f9e80000,0x00000000f9e80000,0x00000000fa680000)
 ParOldGen       total 44032K, used 5487K [0x00000000e0000000, 0x00000000e2b00000, 0x00000000f5580000)
  object space 44032K, 12% used [0x00000000e0000000,0x00000000e055bcf8,0x00000000e2b00000)
 Metaspace       used 22191K, capacity 23856K, committed 23936K, reserved 1069056K
  class space    used 3069K, capacity 3437K, committed 3456K, reserved 1048576K
Event: 7.236 GC heap after
Heap after GC invocations=7 (full 1):
 PSYoungGen      total 71680K, used 2759K [0x00000000f5580000, 0x00000000fa580000, 0x0000000100000000)
  eden space 64512K, 0% used [0x00000000f5580000,0x00000000f5580000,0x00000000f9480000)
  from space 7168K, 38% used [0x00000000f9e80000,0x00000000fa131e40,0x00000000fa580000)
  to   space 8704K, 0% used [0x00000000f9480000,0x00000000f9480000,0x00000000f9d00000)
 ParOldGen       total 44032K, used 5487K [0x00000000e0000000, 0x00000000e2b00000, 0x00000000f5580000)
  object space 44032K, 12% used [0x00000000e0000000,0x00000000e055bcf8,0x00000000e2b00000)
 Metaspace       used 22191K, capacity 23856K, committed 23936K, reserved 1069056K
  class space    used 3069K, capacity 3437K, committed 3456K, reserved 1048576K
}
Event: 9.845 GC heap before
{Heap before GC invocations=8 (full 1):
 PSYoungGen      total 71680K, used 67271K [0x00000000f5580000, 0x00000000fa580000, 0x0000000100000000)
  eden space 64512K, 100% used [0x00000000f5580000,0x00000000f9480000,0x00000000f9480000)
  from space 7168K, 38% used [0x00000000f9e80000,0x00000000fa131e40,0x00000000fa580000)
  to   space 8704K, 0% used [0x00000000f9480000,0x00000000f9480000,0x00000000f9d00000)
 ParOldGen       total 44032K, used 5487K [0x00000000e0000000, 0x00000000e2b00000, 0x00000000f5580000)
  object space 44032K, 12% used [0x00000000e0000000,0x00000000e055bcf8,0x00000000e2b00000)
 Metaspace       used 27397K, capacity 29164K, committed 29568K, reserved 1075200K
  class space    used 3739K, capacity 4109K, committed 4224K, reserved 1048576K
Event: 9.885 GC heap after
Heap after GC invocations=8 (full 1):
 PSYoungGen      total 73216K, used 8238K [0x00000000f5580000, 0x00000000fa580000, 0x0000000100000000)
  eden space 64512K, 0% used [0x00000000f5580000,0x00000000f5580000,0x00000000f9480000)
  from space 8704K, 94% used [0x00000000f9480000,0x00000000f9c8bac0,0x00000000f9d00000)
  to   space 7168K, 0% used [0x00000000f9e80000,0x00000000f9e80000,0x00000000fa580000)
 ParOldGen       total 44032K, used 5487K [0x00000000e0000000, 0x00000000e2b00000, 0x00000000f5580000)
  object space 44032K, 12% used [0x00000000e0000000,0x00000000e055bcf8,0x00000000e2b00000)
 Metaspace       used 27397K, capacity 29164K, committed 29568K, reserved 1075200K
  class space    used 3739K, capacity 4109K, committed 4224K, reserved 1048576K
}
Event: 10.941 GC heap before
{Heap before GC invocations=9 (full 1):
 PSYoungGen      total 73216K, used 72750K [0x00000000f5580000, 0x00000000fa580000, 0x0000000100000000)
  eden space 64512K, 100% used [0x00000000f5580000,0x00000000f9480000,0x00000000f9480000)
  from space 8704K, 94% used [0x00000000f9480000,0x00000000f9c8bac0,0x00000000f9d00000)
  to   space 7168K, 0% used [0x00000000f9e80000,0x00000000f9e80000,0x00000000fa580000)
 ParOldGen       total 44032K, used 5487K [0x00000000e0000000, 0x00000000e2b00000, 0x00000000f5580000)
  object space 44032K, 12% used [0x00000000e0000000,0x00000000e055bcf8,0x00000000e2b00000)
 Metaspace       used 28871K, capacity 30674K, committed 30720K, reserved 1075200K
  class space    used 3952K, capacity 4352K, committed 4352K, reserved 1048576K
Event: 10.949 GC heap after
Heap after GC invocations=9 (full 1):
 PSYoungGen      total 71680K, used 5951K [0x00000000f5580000, 0x00000000fa580000, 0x0000000100000000)
  eden space 64512K, 0% used [0x00000000f5580000,0x00000000f5580000,0x00000000f9480000)
  from space 7168K, 83% used [0x00000000f9e80000,0x00000000fa44ff90,0x00000000fa580000)
  to   space 8704K, 0% used [0x00000000f9480000,0x00000000f9480000,0x00000000f9d00000)
 ParOldGen       total 44032K, used 5495K [0x00000000e0000000, 0x00000000e2b00000, 0x00000000f5580000)
  object space 44032K, 12% used [0x00000000e0000000,0x00000000e055dcf8,0x00000000e2b00000)
 Metaspace       used 28871K, capacity 30674K, committed 30720K, reserved 1075200K
  class space    used 3952K, capacity 4352K, committed 4352K, reserved 1048576K
}

Deoptimization events (10 events):
Event: 8.356 Thread 0x0000000016cc3800 Uncommon trap: reason=bimorphic action=maybe_recompile pc=0x0000000002c4a664 method=java.util.HashMap.putVal(ILjava/lang/Object;Ljava/lang/Object;ZZ)Ljava/lang/Object; @ 203
Event: 8.373 Thread 0x0000000016cc3800 Uncommon trap: reason=bimorphic action=maybe_recompile pc=0x0000000002c4a664 method=java.util.HashMap.putVal(ILjava/lang/Object;Ljava/lang/Object;ZZ)Ljava/lang/Object; @ 203
Event: 9.563 Thread 0x0000000000c3e000 Uncommon trap: reason=unstable_if action=reinterpret pc=0x0000000002c29e2c method=java.util.Hashtable$Enumerator.nextElement()Ljava/lang/Object; @ 71
Event: 9.579 Thread 0x0000000000c3e000 Uncommon trap: reason=unstable_if action=reinterpret pc=0x0000000002c1c67c method=java.util.Hashtable$Enumerator.nextElement()Ljava/lang/Object; @ 71
Event: 9.684 Thread 0x0000000000c3e000 Uncommon trap: reason=unstable_if action=reinterpret pc=0x0000000002d6ee18 method=java.util.Properties.load0(Ljava/util/Properties$LineReader;)V @ 12
Event: 9.886 Thread 0x0000000002613800 Uncommon trap: reason=unstable_if action=reinterpret pc=0x0000000002c9e67c method=java.lang.ref.Reference.tryHandlePending(Z)Z @ 104
Event: 10.150 Thread 0x0000000016cc3800 Uncommon trap: reason=unstable_if action=reinterpret pc=0x0000000002ad8068 method=jdk.internal.org.objectweb.asm.Type.getArgumentsAndReturnSizes(Ljava/lang/String;)I @ 47
Event: 10.679 Thread 0x0000000000c3e000 Uncommon trap: reason=bimorphic action=maybe_recompile pc=0x0000000002c4a688 method=java.util.HashMap.putVal(ILjava/lang/Object;Ljava/lang/Object;ZZ)Ljava/lang/Object; @ 203
Event: 10.770 Thread 0x0000000000c3e000 Uncommon trap: reason=unstable_if action=reinterpret pc=0x0000000002d2dd5c method=java.net.URLClassLoader.getAndVerifyPackage(Ljava/lang/String;Ljava/util/jar/Manifest;Ljava/net/URL;)Ljava/lang/Package; @ 62
Event: 11.170 Thread 0x0000000000c3e000 Uncommon trap: reason=unstable_if action=reinterpret pc=0x0000000002c5fbd0 method=org.springframework.boot.context.properties.source.ConfigurationPropertyName$ElementsParser.add(IILorg/springframework/boot/context/properties/source/ConfigurationPropertyNa

Classes redefined (0 events):
No events

Internal exceptions (10 events):
Event: 7.473 Thread 0x0000000000c3e000 Exception <a 'java/lang/ClassNotFoundException': org/springframework/beans/factory/BeanClassLoaderAwareCustomizer> (0x00000000f5ecd9d8) thrown at [C:\re\workspace\8-2-build-windows-amd64-cygwin\jdk8u221\13320\hotspot\src\share\vm\classfile\systemDictionar
Event: 7.532 Thread 0x0000000000c3e000 Exception <a 'java/lang/ClassNotFoundException': org/springframework/beans/factory/AwareCustomizer> (0x00000000f5eeb4a0) thrown at [C:\re\workspace\8-2-build-windows-amd64-cygwin\jdk8u221\13320\hotspot\src\share\vm\classfile\systemDictionary.cpp, line 210
Event: 7.533 Thread 0x0000000000c3e000 Exception <a 'java/lang/ClassNotFoundException': org/springframework/context/EnvironmentAwareCustomizer> (0x00000000f5f09918) thrown at [C:\re\workspace\8-2-build-windows-amd64-cygwin\jdk8u221\13320\hotspot\src\share\vm\classfile\systemDictionary.cpp, lin
Event: 7.535 Thread 0x0000000000c3e000 Exception <a 'java/lang/ClassNotFoundException': org/springframework/beans/factory/AwareCustomizer> (0x00000000f5f272c0) thrown at [C:\re\workspace\8-2-build-windows-amd64-cygwin\jdk8u221\13320\hotspot\src\share\vm\classfile\systemDictionary.cpp, line 210
Event: 9.906 Thread 0x0000000018a1a800 Exception <a 'java/lang/NoClassDefFoundError': org/glassfish/jersey/server/monitoring/ApplicationEventListener> (0x00000000f7c1f1c0) thrown at [C:\re\workspace\8-2-build-windows-amd64-cygwin\jdk8u221\13320\hotspot\src\share\vm\classfile\systemDictionary.c
Event: 9.906 Thread 0x0000000018a1a800 Exception <a 'java/lang/NoClassDefFoundError'> (0x00000000f7c1f1c0) thrown at [C:\re\workspace\8-2-build-windows-amd64-cygwin\jdk8u221\13320\hotspot\src\share\vm\prims\jvm.cpp, line 1506]
Event: 10.096 Thread 0x0000000000c3e000 Exception <a 'java/lang/IncompatibleClassChangeError': Found class java.lang.Object, but interface was expected> (0x00000000f8752760) thrown at [C:\re\workspace\8-2-build-windows-amd64-cygwin\jdk8u221\13320\hotspot\src\share\vm\interpreter\linkResolver.cp
Event: 10.161 Thread 0x0000000016cc3800 Exception <a 'java/lang/IncompatibleClassChangeError': Found class java.lang.Object, but interface was expected> (0x00000000f890f690) thrown at [C:\re\workspace\8-2-build-windows-amd64-cygwin\jdk8u221\13320\hotspot\src\share\vm\interpreter\linkResolver.cp
Event: 10.540 Thread 0x0000000000c3e000 Exception <a 'java/lang/NoSuchMethodError': java.lang.Object.lambda$getAllAnnotationAttributes$0(Lorg/springframework/util/MultiValueMap;)Lorg/springframework/util/MultiValueMap;> (0x00000000f8efa4f0) thrown at [C:\re\workspace\8-2-build-windows-amd64-cyg
Event: 10.540 Thread 0x0000000000c3e000 Exception <a 'java/lang/NoSuchMethodError': java.lang.Object.lambda$identity$2(Ljava/lang/Object;)Ljava/lang/Object;> (0x00000000f8efdf70) thrown at [C:\re\workspace\8-2-build-windows-amd64-cygwin\jdk8u221\13320\hotspot\src\share\vm\interpreter\linkResolv

Events (10 events):
Event: 12.991 loading class org/springframework/boot/autoconfigure/web/servlet/WebMvcProperties
Event: 12.991 loading class org/springframework/boot/autoconfigure/web/servlet/WebMvcProperties done
Event: 13.005 loading class org/springframework/boot/autoconfigure/web/servlet/DispatcherServletAutoConfiguration$DispatcherServletConfiguration
Event: 13.005 loading class org/springframework/boot/autoconfigure/web/servlet/DispatcherServletAutoConfiguration$DispatcherServletConfiguration done
Event: 13.022 loading class org/springframework/boot/context/properties/IncompatibleConfigurationException
Event: 13.022 loading class org/springframework/boot/context/properties/IncompatibleConfigurationException done
Event: 13.044 loading class org/springframework/boot/autoconfigure/web/servlet/DispatcherServletAutoConfiguration$DispatcherServletRegistrationConfiguration
Event: 13.044 loading class org/springframework/boot/autoconfigure/web/servlet/DispatcherServletAutoConfiguration$DispatcherServletRegistrationConfiguration done
Event: 13.053 loading class org/springframework/aop/scope/ScopedProxyUtils
Event: 13.053 loading class org/springframework/aop/scope/ScopedProxyUtils done


Dynamic libraries:
0x00007ff7432a0000 - 0x00007ff7432d7000 	C:\Program Files\Java\jdk1.8.0_221\bin\java.exe
0x00007ff9b20b0000 - 0x00007ff9b22a5000 	C:\WINDOWS\SYSTEM32\ntdll.dll
0x00007ff9b0510000 - 0x00007ff9b05ce000 	C:\WINDOWS\System32\KERNEL32.DLL
0x00007ff9afc50000 - 0x00007ff9aff18000 	C:\WINDOWS\System32\KERNELBASE.dll
0x00007ff9b1fc0000 - 0x00007ff9b206e000 	C:\WINDOWS\System32\ADVAPI32.dll
0x00007ff9b16d0000 - 0x00007ff9b176e000 	C:\WINDOWS\System32\msvcrt.dll
0x00007ff9b1940000 - 0x00007ff9b19dc000 	C:\WINDOWS\System32\sechost.dll
0x00007ff9b1b00000 - 0x00007ff9b1c25000 	C:\WINDOWS\System32\RPCRT4.dll
0x00007ff9b1c30000 - 0x00007ff9b1dd1000 	C:\WINDOWS\System32\USER32.dll
0x00007ff9afa70000 - 0x00007ff9afa92000 	C:\WINDOWS\System32\win32u.dll
0x00007ff9b1f30000 - 0x00007ff9b1f5b000 	C:\WINDOWS\System32\GDI32.dll
0x00007ff9af7c0000 - 0x00007ff9af8cd000 	C:\WINDOWS\System32\gdi32full.dll
0x00007ff9af8d0000 - 0x00007ff9af96d000 	C:\WINDOWS\System32\msvcp_win.dll
0x00007ff9af970000 - 0x00007ff9afa70000 	C:\WINDOWS\System32\ucrtbase.dll
0x00007ff99cc80000 - 0x00007ff99cf1a000 	C:\WINDOWS\WinSxS\amd64_microsoft.windows.common-controls_6595b64144ccf1df_6.0.19041.1110_none_60b5254171f9507e\COMCTL32.dll
0x00007ff9b1190000 - 0x00007ff9b11c0000 	C:\WINDOWS\System32\IMM32.DLL
0x000000005e1e0000 - 0x000000005e2b2000 	C:\Program Files\Java\jdk1.8.0_221\jre\bin\msvcr100.dll
0x000000005d930000 - 0x000000005e1d5000 	C:\Program Files\Java\jdk1.8.0_221\jre\bin\server\jvm.dll
0x00007ff9b1de0000 - 0x00007ff9b1de8000 	C:\WINDOWS\System32\PSAPI.DLL
0x00007ff9ab1a0000 - 0x00007ff9ab1a9000 	C:\WINDOWS\SYSTEM32\WSOCK32.dll
0x00007ff99b730000 - 0x00007ff99b757000 	C:\WINDOWS\SYSTEM32\WINMM.dll
0x00007ff9b1790000 - 0x00007ff9b17fb000 	C:\WINDOWS\System32\WS2_32.dll
0x00007ff9a5fd0000 - 0x00007ff9a5fda000 	C:\WINDOWS\SYSTEM32\VERSION.dll
0x00007ff99e210000 - 0x00007ff99e21f000 	C:\Program Files\Java\jdk1.8.0_221\jre\bin\verify.dll
0x00007ff99e1e0000 - 0x00007ff99e209000 	C:\Program Files\Java\jdk1.8.0_221\jre\bin\java.dll
0x00007ff99e1c0000 - 0x00007ff99e1d6000 	C:\Program Files\Java\jdk1.8.0_221\jre\bin\zip.dll
0x00007ff9b05d0000 - 0x00007ff9b0d14000 	C:\WINDOWS\System32\SHELL32.dll
0x00007ff9ad8b0000 - 0x00007ff9ae045000 	C:\WINDOWS\SYSTEM32\windows.storage.dll
0x00007ff9b0d20000 - 0x00007ff9b1075000 	C:\WINDOWS\System32\combase.dll
0x00007ff9af1a0000 - 0x00007ff9af1ce000 	C:\WINDOWS\SYSTEM32\Wldp.dll
0x00007ff9b1890000 - 0x00007ff9b193d000 	C:\WINDOWS\System32\SHCORE.dll
0x00007ff9b04b0000 - 0x00007ff9b0505000 	C:\WINDOWS\System32\shlwapi.dll
0x00007ff9af700000 - 0x00007ff9af71f000 	C:\WINDOWS\SYSTEM32\profapi.dll
0x00007ff99e1a0000 - 0x00007ff99e1ba000 	C:\Program Files\Java\jdk1.8.0_221\jre\bin\net.dll
0x00007ff99eed0000 - 0x00007ff99f0bb000 	C:\WINDOWS\SYSTEM32\urlmon.dll
0x00007ff99f550000 - 0x00007ff99f800000 	C:\WINDOWS\SYSTEM32\iertutil.dll
0x00007ff99f240000 - 0x00007ff99f268000 	C:\WINDOWS\SYSTEM32\srvcli.dll
0x00007ff9aecf0000 - 0x00007ff9aecfc000 	C:\WINDOWS\SYSTEM32\netutils.dll
0x00007ff9aeea0000 - 0x00007ff9aef0a000 	C:\WINDOWS\system32\mswsock.dll
0x00007ff99e180000 - 0x00007ff99e192000 	C:\Program Files\Java\jdk1.8.0_221\jre\bin\nio.dll
0x00007ff9af0f0000 - 0x00007ff9af108000 	C:\WINDOWS\SYSTEM32\CRYPTSP.dll
0x00007ff9ae820000 - 0x00007ff9ae854000 	C:\WINDOWS\system32\rsaenh.dll
0x00007ff9b00c0000 - 0x00007ff9b00e7000 	C:\WINDOWS\System32\bcrypt.dll
0x00007ff9af6c0000 - 0x00007ff9af6ee000 	C:\WINDOWS\SYSTEM32\USERENV.dll
0x00007ff9aff20000 - 0x00007ff9affa2000 	C:\WINDOWS\System32\bcryptprimitives.dll
0x00007ff9af110000 - 0x00007ff9af11c000 	C:\WINDOWS\SYSTEM32\CRYPTBASE.dll
0x00007ff9aeb90000 - 0x00007ff9aebcb000 	C:\WINDOWS\SYSTEM32\IPHLPAPI.DLL
0x00007ff9b1df0000 - 0x00007ff9b1df8000 	C:\WINDOWS\System32\NSI.dll
0x00007ff9a1d80000 - 0x00007ff9a1d97000 	C:\WINDOWS\SYSTEM32\dhcpcsvc6.DLL
0x00007ff9a2060000 - 0x00007ff9a207d000 	C:\WINDOWS\SYSTEM32\dhcpcsvc.DLL
0x00007ff9aec20000 - 0x00007ff9aeceb000 	C:\WINDOWS\SYSTEM32\DNSAPI.dll
0x00007ff99e020000 - 0x00007ff99e02d000 	C:\Program Files\Java\jdk1.8.0_221\jre\bin\management.dll
0x00007ff98c1b0000 - 0x00007ff98c1c7000 	C:\WINDOWS\system32\napinsp.dll
0x00007ff98c190000 - 0x00007ff98c1ab000 	C:\WINDOWS\system32\pnrpnsp.dll
0x00007ff9aa710000 - 0x00007ff9aa725000 	C:\WINDOWS\system32\wshbth.dll
0x00007ff9ab150000 - 0x00007ff9ab16d000 	C:\WINDOWS\system32\NLAapi.dll
0x00007ff98c170000 - 0x00007ff98c182000 	C:\WINDOWS\System32\winrnr.dll
0x00007ff9a1cb0000 - 0x00007ff9a1cba000 	C:\Windows\System32\rasadhlp.dll
0x00007ff9a1a80000 - 0x00007ff9a1aff000 	C:\WINDOWS\System32\fwpuclnt.dll

VM Arguments:
jvm_args: -Djava.security.manager=worker.org.gradle.process.internal.worker.child.BootstrapSecurityManager -Dorg.gradle.internal.worker.tmpdir=D:\a sang\md6_spring_2\back_end\C0721G1_Sprint2_Backend\C0721G1_Project_Sprint2_Backend\build\tmp\test\work -Dorg.gradle.native=false -Xmx512m -Dfile.encoding=windows-1252 -Duser.country=US -Duser.language=en -Duser.variant -ea 
java_command: worker.org.gradle.process.internal.worker.GradleWorkerMain 'Gradle Test Executor 11'
java_class_path (initial): C:\Users\sf book\.gradle\caches\7.3.2\workerMain\gradle-worker.jar
Launcher Type: SUN_STANDARD

Environment Variables:
PATH=C:\Program Files (x86)\Common Files\Oracle\Java\javapath;C:\WINDOWS\system32;C:\WINDOWS;C:\WINDOWS\System32\Wbem;C:\WINDOWS\System32\WindowsPowerShell\v1.0\;C:\WINDOWS\System32\OpenSSH\;C:\Program Files\Git\cmd;C:\Program Files\nodejs\;C:\Program Files\MySQL\MySQL Shell 8.0\bin\;C:\Users\sf book\AppData\Local\Microsoft\WindowsApps;C:\Users\sf book\AppData\Roaming\npm;C:\Users\sf book\AppData\Local\GitHubDesktop\bin;
USERNAME=sf book
OS=Windows_NT
PROCESSOR_IDENTIFIER=Intel64 Family 6 Model 78 Stepping 3, GenuineIntel



---------------  S Y S T E M  ---------------

OS: Windows 10.0 , 64 bit Build 19041 (10.0.19041.1466)

CPU:total 4 (initial active 4) (2 cores per cpu, 2 threads per core) family 6 model 78 stepping 3, cmov, cx8, fxsr, mmx, sse, sse2, sse3, ssse3, sse4.1, sse4.2, popcnt, avx, avx2, aes, clmul, erms, rtm, 3dnowpref, lzcnt, ht, tsc, tscinvbit, bmi1, bmi2, adx

Memory: 4k page, physical 8303960k(692192k free), swap 12498264k(4056k free)

vm_info: Java HotSpot(TM) 64-Bit Server VM (25.221-b11) for windows-amd64 JRE (1.8.0_221-b11), built on Jul  4 2019 04:39:29 by "java_re" with MS VC++ 10.0 (VS2010)

time: Tue Jan 18 13:40:34 2022
timezone: SE Asia Standard Time
elapsed time: 13 seconds (0d 0h 0m 13s)

